c:\users\nguye\desktop\cours\2a\c++\microprojet\reigntillsalvation\reigntillsalvation\reigntillsalvation\debug\reigntillsalvation.pch
c:\users\nguye\desktop\cours\2a\c++\microprojet\reigntillsalvation\reigntillsalvation\reigntillsalvation\debug\vc141.pdb
c:\users\nguye\desktop\cours\2a\c++\microprojet\reigntillsalvation\reigntillsalvation\reigntillsalvation\debug\vc141.idb
c:\users\nguye\desktop\cours\2a\c++\microprojet\reigntillsalvation\reigntillsalvation\reigntillsalvation\debug\pch.obj
c:\users\nguye\desktop\cours\2a\c++\microprojet\reigntillsalvation\reigntillsalvation\reigntillsalvation\debug\reigntillsalvation.obj
c:\users\nguye\desktop\cours\2a\c++\microprojet\reigntillsalvation\reigntillsalvation\reigntillsalvation\debug\imgui_widgets.obj
c:\users\nguye\desktop\cours\2a\c++\microprojet\reigntillsalvation\reigntillsalvation\reigntillsalvation\debug\imgui_draw.obj
c:\users\nguye\desktop\cours\2a\c++\microprojet\reigntillsalvation\reigntillsalvation\reigntillsalvation\debug\imgui_demo.obj
c:\users\nguye\desktop\cours\2a\c++\microprojet\reigntillsalvation\reigntillsalvation\reigntillsalvation\debug\imgui.obj
c:\users\nguye\desktop\cours\2a\c++\microprojet\reigntillsalvation\reigntillsalvation\reigntillsalvation\debug\imgui-sfml.obj
c:\users\nguye\desktop\cours\2a\c++\microprojet\reigntillsalvation\reigntillsalvation\debug\reigntillsalvation.exe
c:\users\nguye\desktop\cours\2a\c++\microprojet\reigntillsalvation\reigntillsalvation\debug\reigntillsalvation.ilk
c:\users\nguye\desktop\cours\2a\c++\microprojet\reigntillsalvation\reigntillsalvation\debug\reigntillsalvation.pdb
c:\users\nguye\desktop\cours\2a\c++\microprojet\reigntillsalvation\reigntillsalvation\reigntillsalvation\debug\vcpkg.applocal.log
c:\users\nguye\desktop\cours\2a\c++\microprojet\reigntillsalvation\reigntillsalvation\debug\sfml-graphics-d-2.dll
c:\users\nguye\desktop\cours\2a\c++\microprojet\reigntillsalvation\reigntillsalvation\debug\sfml-window-d-2.dll
c:\users\nguye\desktop\cours\2a\c++\microprojet\reigntillsalvation\reigntillsalvation\debug\sfml-system-d-2.dll
c:\users\nguye\desktop\cours\2a\c++\microprojet\reigntillsalvation\reigntillsalvation\debug\freetyped.dll
c:\users\nguye\desktop\cours\2a\c++\microprojet\reigntillsalvation\reigntillsalvation\debug\zlibd1.dll
c:\users\nguye\desktop\cours\2a\c++\microprojet\reigntillsalvation\reigntillsalvation\debug\bz2d.dll
c:\users\nguye\desktop\cours\2a\c++\microprojet\reigntillsalvation\reigntillsalvation\debug\libpng16d.dll
c:\users\nguye\desktop\cours\2a\c++\microprojet\reigntillsalvation\reigntillsalvation\reigntillsalvation\debug\reigntil.798c78ba.tlog\cl.command.1.tlog
c:\users\nguye\desktop\cours\2a\c++\microprojet\reigntillsalvation\reigntillsalvation\reigntillsalvation\debug\reigntil.798c78ba.tlog\cl.read.1.tlog
c:\users\nguye\desktop\cours\2a\c++\microprojet\reigntillsalvation\reigntillsalvation\reigntillsalvation\debug\reigntil.798c78ba.tlog\cl.write.1.tlog
c:\users\nguye\desktop\cours\2a\c++\microprojet\reigntillsalvation\reigntillsalvation\reigntillsalvation\debug\reigntil.798c78ba.tlog\link.command.1.tlog
c:\users\nguye\desktop\cours\2a\c++\microprojet\reigntillsalvation\reigntillsalvation\reigntillsalvation\debug\reigntil.798c78ba.tlog\link.read.1.tlog
c:\users\nguye\desktop\cours\2a\c++\microprojet\reigntillsalvation\reigntillsalvation\reigntillsalvation\debug\reigntil.798c78ba.tlog\link.write.1.tlog
c:\users\nguye\desktop\cours\2a\c++\microprojet\reigntillsalvation\reigntillsalvation\reigntillsalvation\debug\reigntil.798c78ba.tlog\reigntillsalvation.write.1u.tlog
